{
"contracts/EtcOdyssey.sol":{"l":{"14":83,"15":83,"16":83,"17":47,"72":3,"73":3,"77":4,"78":4,"83":1,"88":53,"90":53,"101":53,"103":53,"113":156,"117":156,"122":10,"123":8,"125":6,"126":6,"127":6,"128":6,"129":5,"130":5,"131":5,"133":6,"134":6,"135":6,"136":6,"137":6,"138":6,"142":7,"143":5,"144":3,"145":3,"146":3,"147":3,"148":1,"150":3,"154":3,"155":3,"156":3,"157":3,"158":3,"159":3,"163":1,"164":1,"165":1,"166":1,"167":1,"168":1,"172":12,"173":12,"174":12,"175":12,"176":12,"177":12,"178":12,"179":11,"181":1,"186":6,"187":6,"188":6,"189":6,"190":6,"191":6,"192":6,"196":35,"197":35,"198":13,"199":13,"200":13,"201":13,"203":6,"205":13,"207":11,"208":11,"209":11,"210":11,"212":11,"213":1,"214":1,"215":1,"216":1,"218":1,"219":1,"220":1,"221":1,"223":1,"224":1,"225":1,"226":1,"228":10,"229":4,"230":4,"231":4,"232":0,"234":4,"237":6,"239":10,"240":10,"245":3,"246":1,"247":1,"248":1,"249":1,"250":1,"251":1,"252":1,"253":1,"255":0,"256":0,"258":1,"263":2,"264":2,"265":2,"266":2,"267":2,"272":3,"273":3,"274":3,"275":1,"276":1,"277":1,"281":6,"282":4,"283":2,"287":1,"288":1,"289":1,"290":1,"291":1,"292":1,"297":3,"298":1,"303":79,"304":77,"305":77,"308":77,"312":77,"313":34,"315":43,"319":77,"323":77,"324":174,"325":77,"328":0,"334":795,"335":795},"path":"/Users/vbuterin69/dev/etc-odyssey-audit/contracts/EtcOdyssey.sol","s":{"1":83,"2":83,"3":47,"4":3,"5":3,"6":4,"7":4,"8":1,"9":53,"10":53,"11":53,"12":53,"13":156,"14":156,"15":10,"16":8,"17":6,"18":6,"19":6,"20":6,"21":5,"22":5,"23":5,"24":6,"25":6,"26":6,"27":6,"28":6,"29":7,"30":5,"31":3,"32":3,"33":3,"34":3,"35":1,"36":3,"37":3,"38":3,"39":3,"40":3,"41":3,"42":3,"43":1,"44":1,"45":1,"46":1,"47":1,"48":1,"49":12,"50":12,"51":12,"52":12,"53":12,"54":12,"55":12,"56":11,"57":1,"58":6,"59":6,"60":6,"61":6,"62":6,"63":6,"64":6,"65":35,"66":35,"67":13,"68":13,"69":13,"70":13,"71":6,"72":13,"73":11,"74":11,"75":11,"76":11,"77":11,"78":1,"79":1,"80":1,"81":1,"82":1,"83":1,"84":1,"85":1,"86":1,"87":1,"88":1,"89":1,"90":10,"91":4,"92":4,"93":4,"94":0,"95":4,"96":6,"97":10,"98":10,"99":3,"100":1,"101":1,"102":1,"103":1,"104":1,"105":1,"106":1,"107":1,"108":0,"109":0,"110":1,"111":2,"112":2,"113":2,"114":2,"115":2,"116":3,"117":3,"118":3,"119":1,"120":1,"121":1,"122":6,"123":4,"124":2,"125":1,"126":1,"127":1,"128":1,"129":1,"130":1,"131":3,"132":1,"133":79,"134":77,"135":77,"136":77,"137":77,"138":34,"139":43,"140":77,"141":77,"142":174,"143":77,"144":0,"145":795},"b":{"1":[83,0],"2":[4,0],"3":[8,2],"4":[6,2],"5":[5,1],"6":[5,2],"7":[3,2],"8":[1,2],"9":[3,0],"10":[3,0],"11":[3,0],"12":[1,0],"13":[1,0],"14":[1,0],"15":[12,0],"16":[12,0],"17":[12,0],"18":[11,1],"19":[6,0],"20":[6,0],"21":[6,0],"22":[13,22],"23":[13,0],"24":[6,7],"25":[1,10],"26":[1,0],"27":[1,0],"28":[4,6],"29":[0,4],"30":[1,2],"31":[1,0],"32":[3,0],"33":[1,2],"34":[4,2],"35":[2,2],"36":[1,0],"37":[1,2],"38":[77,2],"39":[34,43],"40":[77,97]},"f":{"1":83,"2":3,"3":4,"4":1,"5":53,"6":53,"7":156,"8":10,"9":7,"10":3,"11":1,"12":12,"13":6,"14":35,"15":3,"16":2,"17":3,"18":6,"19":1,"20":3,"21":79,"22":77,"23":795},"fnMap":{"1":{"name":"nonReentrant","line":13,"loc":{"start":{"line":13,"column":2},"end":{"line":13,"column":25}}},"2":{"name":"constructor","line":69,"loc":{"start":{"line":69,"column":2},"end":{"line":71,"column":12}}},"3":{"name":"tokenFallback","line":76,"loc":{"start":{"line":76,"column":2},"end":{"line":76,"column":75}}},"4":{"name":"","line":82,"loc":{"start":{"line":82,"column":2},"end":{"line":82,"column":28}}},"5":{"name":"shipStats","line":87,"loc":{"start":{"line":87,"column":2},"end":{"line":87,"column":63}}},"6":{"name":"playerFinancials","line":100,"loc":{"start":{"line":100,"column":2},"end":{"line":100,"column":70}}},"7":{"name":"getProductionRate","line":112,"loc":{"start":{"line":112,"column":2},"end":{"line":112,"column":88}}},"8":{"name":"initShip","line":121,"loc":{"start":{"line":121,"column":2},"end":{"line":121,"column":60}}},"9":{"name":"buyDarkMatter","line":141,"loc":{"start":{"line":141,"column":2},"end":{"line":141,"column":54}}},"10":{"name":"purchaseUpgradeReactor","line":153,"loc":{"start":{"line":153,"column":2},"end":{"line":153,"column":55}}},"11":{"name":"purchaseUpgradeBlasters","line":162,"loc":{"start":{"line":162,"column":2},"end":{"line":162,"column":56}}},"12":{"name":"purchaseUpgradeThrusters","line":171,"loc":{"start":{"line":171,"column":2},"end":{"line":171,"column":57}}},"13":{"name":"purchaseUpgradeHull","line":185,"loc":{"start":{"line":185,"column":2},"end":{"line":185,"column":52}}},"14":{"name":"startRaid","line":195,"loc":{"start":{"line":195,"column":2},"end":{"line":195,"column":42}}},"15":{"name":"repairShipUnit","line":244,"loc":{"start":{"line":244,"column":2},"end":{"line":244,"column":54}}},"16":{"name":"fusion","line":262,"loc":{"start":{"line":262,"column":2},"end":{"line":262,"column":53}}},"17":{"name":"withdrawShare","line":271,"loc":{"start":{"line":271,"column":2},"end":{"line":271,"column":46}}},"18":{"name":"changePot","line":280,"loc":{"start":{"line":280,"column":2},"end":{"line":280,"column":47}}},"19":{"name":"dustForONEX","line":286,"loc":{"start":{"line":286,"column":2},"end":{"line":286,"column":58}}},"20":{"name":"adminWithdrawONEX","line":296,"loc":{"start":{"line":296,"column":2},"end":{"line":296,"column":51}}},"21":{"name":"updateStats","line":302,"loc":{"start":{"line":302,"column":2},"end":{"line":302,"column":47}}},"22":{"name":"getReferralRewards","line":322,"loc":{"start":{"line":322,"column":2},"end":{"line":322,"column":75}}},"23":{"name":"toBytes","line":333,"loc":{"start":{"line":333,"column":2},"end":{"line":333,"column":47}}}},"statementMap":{"1":{"start":{"line":14,"column":4},"end":{"line":14,"column":27}},"2":{"start":{"line":15,"column":4},"end":{"line":15,"column":24}},"3":{"start":{"line":17,"column":4},"end":{"line":17,"column":25}},"4":{"start":{"line":72,"column":4},"end":{"line":72,"column":21}},"5":{"start":{"line":73,"column":4},"end":{"line":73,"column":33}},"6":{"start":{"line":77,"column":4},"end":{"line":77,"column":37}},"7":{"start":{"line":78,"column":4},"end":{"line":78,"column":24}},"8":{"start":{"line":83,"column":4},"end":{"line":83,"column":11}},"9":{"start":{"line":88,"column":4},"end":{"line":88,"column":46}},"10":{"start":{"line":90,"column":4},"end":{"line":90,"column":2881}},"11":{"start":{"line":101,"column":4},"end":{"line":101,"column":46}},"12":{"start":{"line":103,"column":4},"end":{"line":103,"column":3290}},"13":{"start":{"line":113,"column":4},"end":{"line":113,"column":3651}},"14":{"start":{"line":117,"column":4},"end":{"line":117,"column":34}},"15":{"start":{"line":122,"column":4},"end":{"line":122,"column":40}},"16":{"start":{"line":123,"column":4},"end":{"line":123,"column":50}},"17":{"start":{"line":125,"column":4},"end":{"line":125,"column":42}},"18":{"start":{"line":126,"column":4},"end":{"line":126,"column":61}},"19":{"start":{"line":127,"column":4},"end":{"line":127,"column":52}},"20":{"start":{"line":128,"column":4},"end":{"line":128,"column":4233}},"21":{"start":{"line":129,"column":6},"end":{"line":129,"column":53}},"22":{"start":{"line":130,"column":6},"end":{"line":130,"column":45}},"23":{"start":{"line":131,"column":6},"end":{"line":131,"column":70}},"24":{"start":{"line":133,"column":4},"end":{"line":133,"column":52}},"25":{"start":{"line":134,"column":4},"end":{"line":134,"column":43}},"26":{"start":{"line":136,"column":4},"end":{"line":136,"column":38}},"27":{"start":{"line":137,"column":4},"end":{"line":137,"column":33}},"28":{"start":{"line":138,"column":4},"end":{"line":138,"column":31}},"29":{"start":{"line":142,"column":4},"end":{"line":142,"column":50}},"30":{"start":{"line":143,"column":4},"end":{"line":143,"column":47}},"31":{"start":{"line":144,"column":4},"end":{"line":144,"column":26}},"32":{"start":{"line":145,"column":4},"end":{"line":145,"column":61}},"33":{"start":{"line":146,"column":4},"end":{"line":146,"column":52}},"34":{"start":{"line":147,"column":4},"end":{"line":147,"column":5002}},"35":{"start":{"line":148,"column":6},"end":{"line":148,"column":70}},"36":{"start":{"line":150,"column":4},"end":{"line":150,"column":33}},"37":{"start":{"line":154,"column":4},"end":{"line":154,"column":50}},"38":{"start":{"line":155,"column":4},"end":{"line":155,"column":51}},"39":{"start":{"line":156,"column":4},"end":{"line":156,"column":26}},"40":{"start":{"line":157,"column":4},"end":{"line":157,"column":96}},"41":{"start":{"line":158,"column":4},"end":{"line":158,"column":125}},"42":{"start":{"line":159,"column":4},"end":{"line":159,"column":38}},"43":{"start":{"line":163,"column":4},"end":{"line":163,"column":50}},"44":{"start":{"line":164,"column":4},"end":{"line":164,"column":52}},"45":{"start":{"line":165,"column":4},"end":{"line":165,"column":26}},"46":{"start":{"line":166,"column":4},"end":{"line":166,"column":97}},"47":{"start":{"line":167,"column":4},"end":{"line":167,"column":126}},"48":{"start":{"line":168,"column":4},"end":{"line":168,"column":39}},"49":{"start":{"line":172,"column":4},"end":{"line":172,"column":50}},"50":{"start":{"line":173,"column":4},"end":{"line":173,"column":53}},"51":{"start":{"line":174,"column":4},"end":{"line":174,"column":26}},"52":{"start":{"line":175,"column":4},"end":{"line":175,"column":98}},"53":{"start":{"line":176,"column":4},"end":{"line":176,"column":127}},"54":{"start":{"line":177,"column":4},"end":{"line":177,"column":40}},"55":{"start":{"line":178,"column":4},"end":{"line":178,"column":6579}},"56":{"start":{"line":179,"column":6},"end":{"line":179,"column":97}},"57":{"start":{"line":181,"column":6},"end":{"line":181,"column":45}},"58":{"start":{"line":186,"column":4},"end":{"line":186,"column":50}},"59":{"start":{"line":187,"column":4},"end":{"line":187,"column":48}},"60":{"start":{"line":188,"column":4},"end":{"line":188,"column":26}},"61":{"start":{"line":189,"column":4},"end":{"line":189,"column":93}},"62":{"start":{"line":190,"column":4},"end":{"line":190,"column":122}},"63":{"start":{"line":191,"column":4},"end":{"line":191,"column":35}},"64":{"start":{"line":192,"column":4},"end":{"line":192,"column":65}},"65":{"start":{"line":196,"column":4},"end":{"line":196,"column":26}},"66":{"start":{"line":197,"column":4},"end":{"line":197,"column":54}},"67":{"start":{"line":198,"column":4},"end":{"line":198,"column":41}},"68":{"start":{"line":199,"column":4},"end":{"line":199,"column":59}},"69":{"start":{"line":200,"column":4},"end":{"line":200,"column":91}},"70":{"start":{"line":201,"column":4},"end":{"line":201,"column":7704}},"71":{"start":{"line":203,"column":6},"end":{"line":203,"column":88}},"72":{"start":{"line":205,"column":4},"end":{"line":205,"column":24}},"73":{"start":{"line":207,"column":4},"end":{"line":207,"column":86}},"74":{"start":{"line":208,"column":4},"end":{"line":208,"column":81}},"75":{"start":{"line":209,"column":4},"end":{"line":209,"column":14}},"76":{"start":{"line":210,"column":4},"end":{"line":210,"column":14}},"77":{"start":{"line":212,"column":4},"end":{"line":212,"column":8089}},"78":{"start":{"line":213,"column":6},"end":{"line":213,"column":8131}},"79":{"start":{"line":214,"column":8},"end":{"line":214,"column":82}},"80":{"start":{"line":215,"column":8},"end":{"line":215,"column":44}},"81":{"start":{"line":216,"column":8},"end":{"line":216,"column":77}},"82":{"start":{"line":218,"column":6},"end":{"line":218,"column":8435}},"83":{"start":{"line":219,"column":8},"end":{"line":219,"column":84}},"84":{"start":{"line":220,"column":8},"end":{"line":220,"column":46}},"85":{"start":{"line":221,"column":8},"end":{"line":221,"column":79}},"86":{"start":{"line":223,"column":6},"end":{"line":223,"column":97}},"87":{"start":{"line":224,"column":6},"end":{"line":224,"column":37}},"88":{"start":{"line":225,"column":6},"end":{"line":225,"column":32}},"89":{"start":{"line":226,"column":6},"end":{"line":226,"column":52}},"90":{"start":{"line":228,"column":6},"end":{"line":228,"column":8990}},"91":{"start":{"line":229,"column":8},"end":{"line":229,"column":67}},"92":{"start":{"line":230,"column":8},"end":{"line":230,"column":39}},"93":{"start":{"line":231,"column":8},"end":{"line":231,"column":9162}},"94":{"start":{"line":232,"column":10},"end":{"line":232,"column":36}},"95":{"start":{"line":234,"column":10},"end":{"line":234,"column":42}},"96":{"start":{"line":237,"column":8},"end":{"line":237,"column":50}},"97":{"start":{"line":239,"column":6},"end":{"line":239,"column":97}},"98":{"start":{"line":240,"column":6},"end":{"line":240,"column":50}},"99":{"start":{"line":245,"column":4},"end":{"line":245,"column":35}},"100":{"start":{"line":246,"column":4},"end":{"line":246,"column":45}},"101":{"start":{"line":247,"column":4},"end":{"line":247,"column":23}},"102":{"start":{"line":248,"column":4},"end":{"line":248,"column":9720}},"103":{"start":{"line":249,"column":6},"end":{"line":249,"column":94}},"104":{"start":{"line":250,"column":6},"end":{"line":250,"column":40}},"105":{"start":{"line":251,"column":6},"end":{"line":251,"column":37}},"106":{"start":{"line":252,"column":6},"end":{"line":252,"column":32}},"107":{"start":{"line":253,"column":6},"end":{"line":253,"column":67}},"108":{"start":{"line":255,"column":6},"end":{"line":255,"column":28}},"109":{"start":{"line":256,"column":6},"end":{"line":256,"column":69}},"110":{"start":{"line":258,"column":4},"end":{"line":258,"column":33}},"111":{"start":{"line":263,"column":4},"end":{"line":263,"column":26}},"112":{"start":{"line":264,"column":4},"end":{"line":264,"column":80}},"113":{"start":{"line":265,"column":4},"end":{"line":265,"column":23}},"114":{"start":{"line":266,"column":4},"end":{"line":266,"column":41}},"115":{"start":{"line":267,"column":4},"end":{"line":267,"column":55}},"116":{"start":{"line":272,"column":4},"end":{"line":272,"column":26}},"117":{"start":{"line":273,"column":4},"end":{"line":273,"column":44}},"118":{"start":{"line":274,"column":4},"end":{"line":274,"column":50}},"119":{"start":{"line":275,"column":4},"end":{"line":275,"column":104}},"120":{"start":{"line":276,"column":4},"end":{"line":276,"column":60}},"121":{"start":{"line":277,"column":4},"end":{"line":277,"column":35}},"122":{"start":{"line":281,"column":4},"end":{"line":281,"column":31}},"123":{"start":{"line":282,"column":4},"end":{"line":282,"column":29}},"124":{"start":{"line":283,"column":4},"end":{"line":283,"column":29}},"125":{"start":{"line":287,"column":4},"end":{"line":287,"column":26}},"126":{"start":{"line":288,"column":4},"end":{"line":288,"column":50}},"127":{"start":{"line":289,"column":4},"end":{"line":289,"column":11399}},"128":{"start":{"line":290,"column":6},"end":{"line":290,"column":46}},"129":{"start":{"line":291,"column":6},"end":{"line":291,"column":57}},"130":{"start":{"line":292,"column":6},"end":{"line":292,"column":46}},"131":{"start":{"line":297,"column":4},"end":{"line":297,"column":31}},"132":{"start":{"line":298,"column":4},"end":{"line":298,"column":46}},"133":{"start":{"line":303,"column":4},"end":{"line":303,"column":46}},"134":{"start":{"line":304,"column":4},"end":{"line":304,"column":80}},"135":{"start":{"line":305,"column":4},"end":{"line":305,"column":12028}},"136":{"start":{"line":308,"column":4},"end":{"line":308,"column":12174}},"137":{"start":{"line":312,"column":4},"end":{"line":312,"column":12279}},"138":{"start":{"line":313,"column":6},"end":{"line":313,"column":75}},"139":{"start":{"line":315,"column":6},"end":{"line":315,"column":12550}},"140":{"start":{"line":319,"column":4},"end":{"line":319,"column":38}},"141":{"start":{"line":323,"column":4},"end":{"line":323,"column":12758}},"142":{"start":{"line":324,"column":6},"end":{"line":324,"column":12801}},"143":{"start":{"line":325,"column":8},"end":{"line":325,"column":37}},"144":{"start":{"line":328,"column":4},"end":{"line":328,"column":13}},"145":{"start":{"line":334,"column":4},"end":{"line":334,"column":20}}},"branchMap":{"1":{"line":14,"type":"if","locations":[{"start":{"line":14,"column":4},"end":{"line":14,"column":4}},{"start":{"line":14,"column":4},"end":{"line":14,"column":4}}]},"2":{"line":77,"type":"if","locations":[{"start":{"line":77,"column":4},"end":{"line":77,"column":4}},{"start":{"line":77,"column":4},"end":{"line":77,"column":4}}]},"3":{"line":122,"type":"if","locations":[{"start":{"line":122,"column":4},"end":{"line":122,"column":4}},{"start":{"line":122,"column":4},"end":{"line":122,"column":4}}]},"4":{"line":123,"type":"if","locations":[{"start":{"line":123,"column":4},"end":{"line":123,"column":4}},{"start":{"line":123,"column":4},"end":{"line":123,"column":4}}]},"5":{"line":128,"type":"if","locations":[{"start":{"line":128,"column":4},"end":{"line":128,"column":4}},{"start":{"line":128,"column":4},"end":{"line":128,"column":4}}]},"6":{"line":142,"type":"if","locations":[{"start":{"line":142,"column":4},"end":{"line":142,"column":4}},{"start":{"line":142,"column":4},"end":{"line":142,"column":4}}]},"7":{"line":143,"type":"if","locations":[{"start":{"line":143,"column":4},"end":{"line":143,"column":4}},{"start":{"line":143,"column":4},"end":{"line":143,"column":4}}]},"8":{"line":147,"type":"if","locations":[{"start":{"line":147,"column":4},"end":{"line":147,"column":4}},{"start":{"line":147,"column":4},"end":{"line":147,"column":4}}]},"9":{"line":154,"type":"if","locations":[{"start":{"line":154,"column":4},"end":{"line":154,"column":4}},{"start":{"line":154,"column":4},"end":{"line":154,"column":4}}]},"10":{"line":155,"type":"if","locations":[{"start":{"line":155,"column":4},"end":{"line":155,"column":4}},{"start":{"line":155,"column":4},"end":{"line":155,"column":4}}]},"11":{"line":157,"type":"if","locations":[{"start":{"line":157,"column":4},"end":{"line":157,"column":4}},{"start":{"line":157,"column":4},"end":{"line":157,"column":4}}]},"12":{"line":163,"type":"if","locations":[{"start":{"line":163,"column":4},"end":{"line":163,"column":4}},{"start":{"line":163,"column":4},"end":{"line":163,"column":4}}]},"13":{"line":164,"type":"if","locations":[{"start":{"line":164,"column":4},"end":{"line":164,"column":4}},{"start":{"line":164,"column":4},"end":{"line":164,"column":4}}]},"14":{"line":166,"type":"if","locations":[{"start":{"line":166,"column":4},"end":{"line":166,"column":4}},{"start":{"line":166,"column":4},"end":{"line":166,"column":4}}]},"15":{"line":172,"type":"if","locations":[{"start":{"line":172,"column":4},"end":{"line":172,"column":4}},{"start":{"line":172,"column":4},"end":{"line":172,"column":4}}]},"16":{"line":173,"type":"if","locations":[{"start":{"line":173,"column":4},"end":{"line":173,"column":4}},{"start":{"line":173,"column":4},"end":{"line":173,"column":4}}]},"17":{"line":175,"type":"if","locations":[{"start":{"line":175,"column":4},"end":{"line":175,"column":4}},{"start":{"line":175,"column":4},"end":{"line":175,"column":4}}]},"18":{"line":178,"type":"if","locations":[{"start":{"line":178,"column":4},"end":{"line":178,"column":4}},{"start":{"line":178,"column":4},"end":{"line":178,"column":4}}]},"19":{"line":186,"type":"if","locations":[{"start":{"line":186,"column":4},"end":{"line":186,"column":4}},{"start":{"line":186,"column":4},"end":{"line":186,"column":4}}]},"20":{"line":187,"type":"if","locations":[{"start":{"line":187,"column":4},"end":{"line":187,"column":4}},{"start":{"line":187,"column":4},"end":{"line":187,"column":4}}]},"21":{"line":189,"type":"if","locations":[{"start":{"line":189,"column":4},"end":{"line":189,"column":4}},{"start":{"line":189,"column":4},"end":{"line":189,"column":4}}]},"22":{"line":197,"type":"if","locations":[{"start":{"line":197,"column":4},"end":{"line":197,"column":4}},{"start":{"line":197,"column":4},"end":{"line":197,"column":4}}]},"23":{"line":198,"type":"if","locations":[{"start":{"line":198,"column":4},"end":{"line":198,"column":4}},{"start":{"line":198,"column":4},"end":{"line":198,"column":4}}]},"24":{"line":201,"type":"if","locations":[{"start":{"line":201,"column":4},"end":{"line":201,"column":4}},{"start":{"line":201,"column":4},"end":{"line":201,"column":4}}]},"25":{"line":212,"type":"if","locations":[{"start":{"line":212,"column":4},"end":{"line":212,"column":4}},{"start":{"line":212,"column":4},"end":{"line":212,"column":4}}]},"26":{"line":213,"type":"if","locations":[{"start":{"line":213,"column":6},"end":{"line":213,"column":6}},{"start":{"line":213,"column":6},"end":{"line":213,"column":6}}]},"27":{"line":218,"type":"if","locations":[{"start":{"line":218,"column":6},"end":{"line":218,"column":6}},{"start":{"line":218,"column":6},"end":{"line":218,"column":6}}]},"28":{"line":228,"type":"if","locations":[{"start":{"line":228,"column":6},"end":{"line":228,"column":6}},{"start":{"line":228,"column":6},"end":{"line":228,"column":6}}]},"29":{"line":231,"type":"if","locations":[{"start":{"line":231,"column":8},"end":{"line":231,"column":8}},{"start":{"line":231,"column":8},"end":{"line":231,"column":8}}]},"30":{"line":245,"type":"if","locations":[{"start":{"line":245,"column":4},"end":{"line":245,"column":4}},{"start":{"line":245,"column":4},"end":{"line":245,"column":4}}]},"31":{"line":248,"type":"if","locations":[{"start":{"line":248,"column":4},"end":{"line":248,"column":4}},{"start":{"line":248,"column":4},"end":{"line":248,"column":4}}]},"32":{"line":273,"type":"if","locations":[{"start":{"line":273,"column":4},"end":{"line":273,"column":4}},{"start":{"line":273,"column":4},"end":{"line":273,"column":4}}]},"33":{"line":274,"type":"if","locations":[{"start":{"line":274,"column":4},"end":{"line":274,"column":4}},{"start":{"line":274,"column":4},"end":{"line":274,"column":4}}]},"34":{"line":281,"type":"if","locations":[{"start":{"line":281,"column":4},"end":{"line":281,"column":4}},{"start":{"line":281,"column":4},"end":{"line":281,"column":4}}]},"35":{"line":282,"type":"if","locations":[{"start":{"line":282,"column":4},"end":{"line":282,"column":4}},{"start":{"line":282,"column":4},"end":{"line":282,"column":4}}]},"36":{"line":289,"type":"if","locations":[{"start":{"line":289,"column":4},"end":{"line":289,"column":4}},{"start":{"line":289,"column":4},"end":{"line":289,"column":4}}]},"37":{"line":297,"type":"if","locations":[{"start":{"line":297,"column":4},"end":{"line":297,"column":4}},{"start":{"line":297,"column":4},"end":{"line":297,"column":4}}]},"38":{"line":303,"type":"if","locations":[{"start":{"line":303,"column":4},"end":{"line":303,"column":4}},{"start":{"line":303,"column":4},"end":{"line":303,"column":4}}]},"39":{"line":312,"type":"if","locations":[{"start":{"line":312,"column":4},"end":{"line":312,"column":4}},{"start":{"line":312,"column":4},"end":{"line":312,"column":4}}]},"40":{"line":324,"type":"if","locations":[{"start":{"line":324,"column":6},"end":{"line":324,"column":6}},{"start":{"line":324,"column":6},"end":{"line":324,"column":6}}]}}}}
