TN:
SF:/Users/vbuterin69/dev/etc-odyssey-audit/contracts/EtcOdyssey.sol
FN:13,nonReentrant
FN:69,constructor
FN:76,tokenFallback
FN:82,
FN:87,shipStats
FN:100,playerFinancials
FN:112,getProductionRate
FN:121,initShip
FN:141,buyDarkMatter
FN:153,purchaseUpgradeReactor
FN:162,purchaseUpgradeBlasters
FN:171,purchaseUpgradeThrusters
FN:185,purchaseUpgradeHull
FN:195,startRaid
FN:244,repairShipUnit
FN:262,fusion
FN:271,withdrawShare
FN:280,changePot
FN:286,dustForONEX
FN:296,adminWithdrawONEX
FN:302,updateStats
FN:322,getReferralRewards
FN:333,toBytes
FNF:23
FNH:23
FNDA:83,nonReentrant
FNDA:3,constructor
FNDA:4,tokenFallback
FNDA:1,
FNDA:53,shipStats
FNDA:53,playerFinancials
FNDA:156,getProductionRate
FNDA:10,initShip
FNDA:7,buyDarkMatter
FNDA:3,purchaseUpgradeReactor
FNDA:1,purchaseUpgradeBlasters
FNDA:12,purchaseUpgradeThrusters
FNDA:6,purchaseUpgradeHull
FNDA:35,startRaid
FNDA:3,repairShipUnit
FNDA:2,fusion
FNDA:3,withdrawShare
FNDA:6,changePot
FNDA:1,dustForONEX
FNDA:3,adminWithdrawONEX
FNDA:79,updateStats
FNDA:77,getReferralRewards
FNDA:795,toBytes
DA:14,83
DA:15,83
DA:16,83
DA:17,47
DA:72,3
DA:73,3
DA:77,4
DA:78,4
DA:83,1
DA:88,53
DA:90,53
DA:101,53
DA:103,53
DA:113,156
DA:117,156
DA:122,10
DA:123,8
DA:125,6
DA:126,6
DA:127,6
DA:128,6
DA:129,5
DA:130,5
DA:131,5
DA:133,6
DA:134,6
DA:135,6
DA:136,6
DA:137,6
DA:138,6
DA:142,7
DA:143,5
DA:144,3
DA:145,3
DA:146,3
DA:147,3
DA:148,1
DA:150,3
DA:154,3
DA:155,3
DA:156,3
DA:157,3
DA:158,3
DA:159,3
DA:163,1
DA:164,1
DA:165,1
DA:166,1
DA:167,1
DA:168,1
DA:172,12
DA:173,12
DA:174,12
DA:175,12
DA:176,12
DA:177,12
DA:178,12
DA:179,11
DA:181,1
DA:186,6
DA:187,6
DA:188,6
DA:189,6
DA:190,6
DA:191,6
DA:192,6
DA:196,35
DA:197,35
DA:198,13
DA:199,13
DA:200,13
DA:201,13
DA:203,6
DA:205,13
DA:207,11
DA:208,11
DA:209,11
DA:210,11
DA:212,11
DA:213,1
DA:214,1
DA:215,1
DA:216,1
DA:218,1
DA:219,1
DA:220,1
DA:221,1
DA:223,1
DA:224,1
DA:225,1
DA:226,1
DA:228,10
DA:229,4
DA:230,4
DA:231,4
DA:232,0
DA:234,4
DA:237,6
DA:239,10
DA:240,10
DA:245,3
DA:246,1
DA:247,1
DA:248,1
DA:249,1
DA:250,1
DA:251,1
DA:252,1
DA:253,1
DA:255,0
DA:256,0
DA:258,1
DA:263,2
DA:264,2
DA:265,2
DA:266,2
DA:267,2
DA:272,3
DA:273,3
DA:274,3
DA:275,1
DA:276,1
DA:277,1
DA:281,6
DA:282,4
DA:283,2
DA:287,1
DA:288,1
DA:289,1
DA:290,1
DA:291,1
DA:292,1
DA:297,3
DA:298,1
DA:303,79
DA:304,77
DA:305,77
DA:308,77
DA:312,77
DA:313,34
DA:315,43
DA:319,77
DA:323,77
DA:324,174
DA:325,77
DA:328,0
DA:334,795
DA:335,795
LF:148
LH:144
BRDA:14,1,0,83
BRDA:14,1,1,0
BRDA:77,2,0,4
BRDA:77,2,1,0
BRDA:122,3,0,8
BRDA:122,3,1,2
BRDA:123,4,0,6
BRDA:123,4,1,2
BRDA:128,5,0,5
BRDA:128,5,1,1
BRDA:142,6,0,5
BRDA:142,6,1,2
BRDA:143,7,0,3
BRDA:143,7,1,2
BRDA:147,8,0,1
BRDA:147,8,1,2
BRDA:154,9,0,3
BRDA:154,9,1,0
BRDA:155,10,0,3
BRDA:155,10,1,0
BRDA:157,11,0,3
BRDA:157,11,1,0
BRDA:163,12,0,1
BRDA:163,12,1,0
BRDA:164,13,0,1
BRDA:164,13,1,0
BRDA:166,14,0,1
BRDA:166,14,1,0
BRDA:172,15,0,12
BRDA:172,15,1,0
BRDA:173,16,0,12
BRDA:173,16,1,0
BRDA:175,17,0,12
BRDA:175,17,1,0
BRDA:178,18,0,11
BRDA:178,18,1,1
BRDA:186,19,0,6
BRDA:186,19,1,0
BRDA:187,20,0,6
BRDA:187,20,1,0
BRDA:189,21,0,6
BRDA:189,21,1,0
BRDA:197,22,0,13
BRDA:197,22,1,22
BRDA:198,23,0,13
BRDA:198,23,1,0
BRDA:201,24,0,6
BRDA:201,24,1,7
BRDA:212,25,0,1
BRDA:212,25,1,10
BRDA:213,26,0,1
BRDA:213,26,1,0
BRDA:218,27,0,1
BRDA:218,27,1,0
BRDA:228,28,0,4
BRDA:228,28,1,6
BRDA:231,29,0,0
BRDA:231,29,1,4
BRDA:245,30,0,1
BRDA:245,30,1,2
BRDA:248,31,0,1
BRDA:248,31,1,0
BRDA:273,32,0,3
BRDA:273,32,1,0
BRDA:274,33,0,1
BRDA:274,33,1,2
BRDA:281,34,0,4
BRDA:281,34,1,2
BRDA:282,35,0,2
BRDA:282,35,1,2
BRDA:289,36,0,1
BRDA:289,36,1,0
BRDA:297,37,0,1
BRDA:297,37,1,2
BRDA:303,38,0,77
BRDA:303,38,1,2
BRDA:312,39,0,34
BRDA:312,39,1,43
BRDA:324,40,0,77
BRDA:324,40,1,97
BRF:80
BRH:59
end_of_record
